<?xml version="1.0" encoding="UTF-8"?>
<testsuite name="I as a user of the Exito application, want to buy an item" tests="1" skipped="0" failures="1" errors="0" timestamp="2023-01-16T22:46:36" hostname="CHMEPF2V1LL3" time="76.28">
  <properties/>
  <testcase name="Register and log in to buy items" classname="I as a user of the Exito application, want to buy an item" time="76.28">
    <failure message="java.lang.AssertionError: &#13;&#10;Expected: an element that is visible&#13;&#10;     but: no matching element found by [Search bar located with: xpath: /hierarchy/android.widget.FrameLayout/android.widget.LinearLayout/android.widget.FrameLayout/android.widget.LinearLayout/android.widget.FrameLayout/android.view.ViewGroup/android.view.ViewGroup/android.widget.FrameLayout/android.view.ViewGroup/android.widget.ScrollView/android.view.ViewGroup/android.view.ViewGroup[1]/android.widget.FrameLayout/android.widget.EditText]" type="java.lang.AssertionError">java.lang.AssertionError: 
Expected: an element that is visible
     but: no matching element found by [Search bar located with: xpath: /hierarchy/android.widget.FrameLayout/android.widget.LinearLayout/android.widget.FrameLayout/android.widget.LinearLayout/android.widget.FrameLayout/android.view.ViewGroup/android.view.ViewGroup/android.widget.FrameLayout/android.view.ViewGroup/android.widget.ScrollView/android.view.ViewGroup/android.view.ViewGroup[1]/android.widget.FrameLayout/android.widget.EditText]
	at net.serenitybdd.screenplay.ErrorTally.throwSummaryExceptionFrom(ErrorTally.java:38)
	at net.serenitybdd.screenplay.ErrorTally.reportAnyErrors(ErrorTally.java:32)
	at net.serenitybdd.screenplay.Actor.should(Actor.java:353)
	at net.serenitybdd.screenplay.waits.WaitUntilTargetIsReady$1.performAs(WaitUntilTargetIsReady.java:41)
	at net.serenitybdd.screenplay.Actor.performTask(Actor.java:283)
	at net.serenitybdd.screenplay.Actor.perform(Actor.java:262)
	at net.serenitybdd.screenplay.Actor.performSilently(Actor.java:242)
	at net.serenitybdd.screenplay.Actor.attemptsTo(Actor.java:199)
	at net.serenitybdd.screenplay.Actor.attemptsTo(Actor.java:210)
	at co.com.choucair.tasks.FormData.performAs(FormData.java:19)
	at co.com.choucair.tasks.FormData$ByteBuddy$xRQs3cHd.performAs$accessor$RKnpqB9i(Unknown Source)
	at sun.reflect.NativeMethodAccessorImpl.invoke0(Native Method)
	at sun.reflect.NativeMethodAccessorImpl.invoke(NativeMethodAccessorImpl.java:62)
	at sun.reflect.DelegatingMethodAccessorImpl.invoke(DelegatingMethodAccessorImpl.java:43)
	at java.lang.reflect.Method.invoke(Method.java:498)
	at net.thucydides.core.steps.StepInterceptor.invokeMethod(StepInterceptor.java:503)
	at net.thucydides.core.steps.StepInterceptor.executeTestStepMethod(StepInterceptor.java:483)
	at net.thucydides.core.steps.StepInterceptor.runTestStep(StepInterceptor.java:457)
	at net.thucydides.core.steps.StepInterceptor.runOrSkipMethod(StepInterceptor.java:209)
	at net.thucydides.core.steps.StepInterceptor.testStepResult(StepInterceptor.java:196)
	at net.thucydides.core.steps.StepInterceptor.intercept(StepInterceptor.java:84)
	at net.thucydides.core.steps.ProxyConfiguration$InterceptorDispatcher.intercept(ProxyConfiguration.java:51)
	at co.com.choucair.tasks.FormData$ByteBuddy$xRQs3cHd.performAs(Unknown Source)
	at net.serenitybdd.screenplay.Actor.performTask(Actor.java:283)
	at net.serenitybdd.screenplay.Actor.perform(Actor.java:262)
	at net.serenitybdd.screenplay.Actor.attemptsTo(Actor.java:203)
	at net.serenitybdd.screenplay.Actor.attemptsTo(Actor.java:210)
	at starter.stepdefinitions.exitoStepDefinitions.he_opened_register_window_add_registration_data(exitoStepDefinitions.java:30)
	at âœ½.he opened register window add registration data(file:///C:/Users/dsandovals/IdeaProjects/mobileExito/src/test/resources/features/exito.feature:6)
</failure>
  </testcase>
  <system-out><![CDATA[]]></system-out>
  <system-err><![CDATA[[Test worker] INFO io.cucumber.core.plugin.SerenityReporter - Running feature from file:///C:/Users/dsandovals/IdeaProjects/mobileExito/src/test/resources/features/exito.feature
[Test worker] INFO  - 
  _____   ___   ___   _____     ___   _____     _     ___   _____   ___   ___  
 |_   _| | __| / __| |_   _|   / __| |_   _|   /_\   | _ \ |_   _| | __| |   \ 
   | |   | _|  \__ \   | |     \__ \   | |    / _ \  |   /   | |   | _|  | |) |
   |_|   |___| |___/   |_|     |___/   |_|   /_/ \_\ |_|_\   |_|   |___| |___/ 

Register and log in to buy items(i-as-a-user-of-the-exito-application--want-to-buy-an-item;register-and-log-in-to-buy-items)
--------------------------------------------------------------------------------
[Test worker] ERROR  - 
  _____   ___   ___   _____     ___     _     ___   _      ___   ___  
 |_   _| | __| / __| |_   _|   | __|   /_\   |_ _| | |    | __| |   \ 
   | |   | _|  \__ \   | |     | _|   / _ \   | |  | |__  | _|  | |) |
   |_|   |___| |___/   |_|     |_|   /_/ \_\ |___| |____| |___| |___/ 

Register and log in to buy items
-----------------------------------------------------------------------
[Test worker] ERROR  -     Test failed at step: When he opened register window add registration data
[Test worker] ERROR  -     Expected: an element that is visible but: no matching element found by [Search bar located with: xpath: /hierarchy/android.widget.FrameLayout/android.widget.LinearLayout/android.widget.FrameLayout/android.widget.LinearLayout/android.widget.FrameLayout/android.view.ViewGroup/android.view.ViewGroup/android.widget.FrameLayout/android.view.ViewGroup/android.widget.ScrollView/android.view.ViewGroup/android.view.ViewGroup[1]/android.widget.FrameLayout/android.widget.EditText]
]]></system-err>
</testsuite>
