<?xml version="1.0" encoding="UTF-8"?><testsuite errors="0" failures="1" name="I as a user of the Exito application, want to buy an item" skipped="0" tests="1" time="75.57" timestamp="2023-01-16 05:46:36"><testcase name="Register and log in to buy items"><failure message="&#13;&#10;Expected: an element that is visible&#13;&#10;     but: no matching element found by [Search bar located with: xpath: /hierarchy/android.widget.FrameLayout/android.widget.LinearLayout/android.widget.FrameLayout/android.widget.LinearLayout/android.widget.FrameLayout/android.view.ViewGroup/android.view.ViewGroup/android.widget.FrameLayout/android.view.ViewGroup/android.widget.ScrollView/android.view.ViewGroup/android.view.ViewGroup[1]/android.widget.FrameLayout/android.widget.EditText]" type="java.lang.AssertionError">&#13;
Expected: an element that is visible&#13;
     but: no matching element found by [Search bar located with: xpath: /hierarchy/android.widget.FrameLayout/android.widget.LinearLayout/android.widget.FrameLayout/android.widget.LinearLayout/android.widget.FrameLayout/android.view.ViewGroup/android.view.ViewGroup/android.widget.FrameLayout/android.view.ViewGroup/android.widget.ScrollView/android.view.ViewGroup/android.view.ViewGroup[1]/android.widget.FrameLayout/android.widget.EditText]</failure><system-err>&#13;
Expected: an element that is visible&#13;
     but: no matching element found by [Search bar located with: xpath: /hierarchy/android.widget.FrameLayout/android.widget.LinearLayout/android.widget.FrameLayout/android.widget.LinearLayout/android.widget.FrameLayout/android.view.ViewGroup/android.view.ViewGroup/android.widget.FrameLayout/android.view.ViewGroup/android.widget.ScrollView/android.view.ViewGroup/android.view.ViewGroup[1]/android.widget.FrameLayout/android.widget.EditText]&#13;
co.com.choucair.tasks.FormData.performAs(FormData.java:19)&#13;
starter.stepdefinitions.exitoStepDefinitions.he_opened_register_window_add_registration_data(exitoStepDefinitions.java:30)&#13;
io.cucumber.java.Invoker.doInvoke(Invoker.java:66)&#13;
io.cucumber.java.Invoker.invoke(Invoker.java:24)&#13;
io.cucumber.java.AbstractGlueDefinition.invokeMethod(AbstractGlueDefinition.java:47)&#13;
io.cucumber.java.JavaStepDefinition.execute(JavaStepDefinition.java:29)&#13;
io.cucumber.core.runner.CoreStepDefinition.execute(CoreStepDefinition.java:66)&#13;
io.cucumber.core.runner.PickleStepDefinitionMatch.runStep(PickleStepDefinitionMatch.java:63)&#13;
io.cucumber.core.runner.TestStep.executeStep(TestStep.java:85)&#13;
io.cucumber.core.runner.TestStep.run(TestStep.java:57)&#13;
io.cucumber.core.runner.PickleStepTestStep.run(PickleStepTestStep.java:51)&#13;
io.cucumber.core.runner.TestCase.run(TestCase.java:84)&#13;
io.cucumber.core.runner.Runner.runPickle(Runner.java:75)&#13;
io.cucumber.core.runtime.CucumberExecutionContext.lambda$runTestCase$5(CucumberExecutionContext.java:129)&#13;
io.cucumber.core.runtime.RethrowingThrowableCollector.executeAndThrow(RethrowingThrowableCollector.java:23)&#13;
io.cucumber.core.runtime.CucumberExecutionContext.runTestCase(CucumberExecutionContext.java:129)&#13;
io.cucumber.junit.FeatureRunner.runChild(FeatureRunner.java:144)&#13;
io.cucumber.junit.FeatureRunner.runChild(FeatureRunner.java:28)&#13;
io.cucumber.junit.FeatureRunner.run(FeatureRunner.java:137)&#13;
io.cucumber.junit.CucumberSerenityRunner.runChild(CucumberSerenityRunner.java:259)&#13;
io.cucumber.junit.CucumberSerenityRunner.runChild(CucumberSerenityRunner.java:59)&#13;
worker.org.gradle.process.internal.worker.GradleWorkerMain.run(GradleWorkerMain.java:69)&#13;
worker.org.gradle.process.internal.worker.GradleWorkerMain.main(GradleWorkerMain.java:74)&#13;
</system-err></testcase></testsuite>